<?xml version="1.0" encoding="UTF-8"?>
<!-- Generated by org.testng.reporters.JUnitXMLReporter -->
<testsuite ignored="0" hostname="DESKTOP-7RQ531E" failures="0" tests="2" name="Default test" time="14.243" errors="0" timestamp="2024-07-27T23:08:59 IST">
  <testcase classname="com.eva.api.testscripts.ApiTestcases" name="verifyCreateContact" time="13.136"/>
  <testcase classname="com.eva.api.testscripts.ApiTestcases" name="verifyContactInfoByGetContactById" time="1.05"/>
</testsuite> <!-- Default test -->
