<?xml version="1.0" encoding="UTF-8"?>
<testng-results ignored="0" total="2" passed="2" failed="0" skipped="0">
  <reporter-output>
  </reporter-output>
  <suite started-at="2024-08-01T07:48:48 IST" name="ApiTestcases" finished-at="2024-08-01T07:49:05 IST" duration-ms="17642">
    <groups>
    </groups>
    <test started-at="2024-08-01T07:48:48 IST" name="Test" finished-at="2024-08-01T07:49:05 IST" duration-ms="17642">
      <class name="com.eva.api.testscripts.ApiTestcases">
        <test-method signature="verifyCreateContact()[pri:0, instance:com.eva.api.testscripts.ApiTestcases@6973b51b]" started-at="2024-08-01T07:48:48 IST" name="verifyCreateContact" finished-at="2024-08-01T07:49:03 IST" duration-ms="15302" status="PASS">
          <reporter-output>
          </reporter-output>
        </test-method> <!-- verifyCreateContact -->
        <test-method signature="verifyContactInfoByGetContactById()[pri:0, instance:com.eva.api.testscripts.ApiTestcases@6973b51b]" started-at="2024-08-01T07:49:03 IST" name="verifyContactInfoByGetContactById" finished-at="2024-08-01T07:49:05 IST" depends-on-methods="com.eva.api.testscripts.ApiTestcases.verifyCreateContact" duration-ms="2286" status="PASS">
          <reporter-output>
          </reporter-output>
        </test-method> <!-- verifyContactInfoByGetContactById -->
      </class> <!-- com.eva.api.testscripts.ApiTestcases -->
    </test> <!-- Test -->
  </suite> <!-- ApiTestcases -->
</testng-results>
