<?xml version="1.0" encoding="UTF-8"?>
<testng-results ignored="0" total="2" passed="2" failed="0" skipped="0">
  <reporter-output>
  </reporter-output>
  <suite started-at="2024-07-31T22:47:05 IST" name="ApiTestcases" finished-at="2024-07-31T22:47:20 IST" duration-ms="14329">
    <groups>
    </groups>
    <test started-at="2024-07-31T22:47:05 IST" name="Test" finished-at="2024-07-31T22:47:20 IST" duration-ms="14329">
      <class name="com.eva.api.testscripts.ApiTestcases">
        <test-method signature="verifyCreateContact()[pri:0, instance:com.eva.api.testscripts.ApiTestcases@4802796d]" started-at="2024-07-31T22:47:05 IST" name="verifyCreateContact" finished-at="2024-07-31T22:47:18 IST" duration-ms="13120" status="PASS">
          <reporter-output>
          </reporter-output>
        </test-method> <!-- verifyCreateContact -->
        <test-method signature="verifyContactInfoByGetContactById()[pri:0, instance:com.eva.api.testscripts.ApiTestcases@4802796d]" started-at="2024-07-31T22:47:18 IST" name="verifyContactInfoByGetContactById" finished-at="2024-07-31T22:47:20 IST" depends-on-methods="com.eva.api.testscripts.ApiTestcases.verifyCreateContact" duration-ms="1164" status="PASS">
          <reporter-output>
          </reporter-output>
        </test-method> <!-- verifyContactInfoByGetContactById -->
      </class> <!-- com.eva.api.testscripts.ApiTestcases -->
    </test> <!-- Test -->
  </suite> <!-- ApiTestcases -->
</testng-results>
