<?xml version="1.0" encoding="UTF-8"?>
<testng-results ignored="0" total="2" passed="2" failed="0" skipped="0">
  <reporter-output>
  </reporter-output>
  <suite started-at="2024-07-27T23:08:44 IST" name="Default suite" finished-at="2024-07-27T23:08:59 IST" duration-ms="14243">
    <groups>
    </groups>
    <test started-at="2024-07-27T23:08:44 IST" name="Default test" finished-at="2024-07-27T23:08:59 IST" duration-ms="14243">
      <class name="com.eva.api.testscripts.ApiTestcases">
        <test-method signature="verifyCreateContact()[pri:0, instance:com.eva.api.testscripts.ApiTestcases@2794eab6]" started-at="2024-07-27T23:08:44 IST" name="verifyCreateContact" finished-at="2024-07-27T23:08:57 IST" duration-ms="13136" status="PASS">
          <reporter-output>
          </reporter-output>
        </test-method> <!-- verifyCreateContact -->
        <test-method signature="verifyContactInfoByGetContactById()[pri:0, instance:com.eva.api.testscripts.ApiTestcases@2794eab6]" started-at="2024-07-27T23:08:57 IST" name="verifyContactInfoByGetContactById" finished-at="2024-07-27T23:08:59 IST" depends-on-methods="com.eva.api.testscripts.ApiTestcases.verifyCreateContact" duration-ms="1050" status="PASS">
          <reporter-output>
          </reporter-output>
        </test-method> <!-- verifyContactInfoByGetContactById -->
      </class> <!-- com.eva.api.testscripts.ApiTestcases -->
    </test> <!-- Default test -->
  </suite> <!-- Default suite -->
</testng-results>
