<?xml version="1.0" encoding="UTF-8"?>
<!-- Generated by org.testng.reporters.JUnitXMLReporter -->
<testsuite ignored="0" hostname="DESKTOP-7RQ531E" failures="1" tests="2" name="Test" time="14.137" errors="0" timestamp="2024-08-07T09:37:38 IST">
  <testcase classname="com.eva.api.testscripts.ApiTestcases" name="verifyCreateContact" time="14.076">
    <failure type="java.lang.AssertionError" message="expected [20000] but found [200]">
      <![CDATA[java.lang.AssertionError: expected [20000] but found [200]
at com.eva.api.testscripts.ApiTestcases.verifyCreateContact(ApiTestcases.java:60)
at java.base/java.util.ArrayList.forEach(ArrayList.java:1511)
... Removed 38 stack frames]]>
    </failure>
  </testcase> <!-- verifyCreateContact -->
  <testcase classname="com.eva.api.testscripts.ApiTestcases" name="verifyContactInfoByGetContactById" time="0.001">
    <skipped/>
  </testcase> <!-- verifyContactInfoByGetContactById -->
</testsuite> <!-- Test -->
